<?xml version="1.0" encoding="UTF-8" ?>
<testsuite tests="10" failures="0" name="edu.upc.subgrupprop113.supermarketmanager.CatalogTest" time="0.019" errors="0" skipped="0">
  <properties>
[...]
</properties>
  <testcase classname="edu.upc.subgrupprop113.supermarketmanager.CatalogTest" name="testSetAllProducts1" time="0.009"/>
  <testcase classname="edu.upc.subgrupprop113.supermarketmanager.CatalogTest" name="testSetAllProducts2" time="0.001"/>
  <testcase classname="edu.upc.subgrupprop113.supermarketmanager.CatalogTest" name="testCreateNewProductSuccessfully" time="0.004"/>
  <testcase classname="edu.upc.subgrupprop113.supermarketmanager.CatalogTest" name="testModifyRelationProduct" time="0.001"/>
  <testcase classname="edu.upc.subgrupprop113.supermarketmanager.CatalogTest" name="testGetProduct" time="0"/>
  <testcase classname="edu.upc.subgrupprop113.supermarketmanager.CatalogTest" name="testEraseProduct" time="0.001"/>
  <testcase classname="edu.upc.subgrupprop113.supermarketmanager.CatalogTest" name="searchProduct" time="0.002"/>
  <testcase classname="edu.upc.subgrupprop113.supermarketmanager.CatalogTest" name="testContainsByProduct" time="0"/>
  <testcase classname="edu.upc.subgrupprop113.supermarketmanager.CatalogTest" name="testGetAllProductsReturnsImmutableList" time="0"/>
  <testcase classname="edu.upc.subgrupprop113.supermarketmanager.CatalogTest" name="testContainsByName" time="0.001"/>
</testsuite>